Opened log file 'lolog'
0:000> p
eax=00241eb4 ebx=7ffdb000 ecx=00000007 edx=00000080 esi=00241f48 edi=00241eb4
eip=7c90120f esp=0012fb20 ebp=0012fc94 iopl=0         nv up ei pl nz na po nc
cs=001b  ss=0023  ds=0023  es=0023  fs=003b  gs=0000             efl=00000202
ntdll!DbgBreakPoint+0x1:
7c90120f c3              ret
0:000> p
eax=00241eb4 ebx=7ffdb000 ecx=00000007 edx=00000080 esi=00241f48 edi=00241eb4
eip=7c9402ed esp=0012fb24 ebp=0012fc94 iopl=0         nv up ei pl nz na po nc
cs=001b  ss=0023  ds=0023  es=0023  fs=003b  gs=0000             efl=00000202
ntdll!RtlDeleteAce+0x8354:
7c9402ed 8b4368          mov     eax,dword ptr [ebx+68h] ds:0023:7ffdb068=00000070
0:000> p
eax=00000070 ebx=7ffdb000 ecx=00000007 edx=00000080 esi=00241f48 edi=00241eb4
eip=7c9402f0 esp=0012fb24 ebp=0012fc94 iopl=0         nv up ei pl nz na po nc
cs=001b  ss=0023  ds=0023  es=0023  fs=003b  gs=0000             efl=00000202
ntdll!RtlDeleteAce+0x8357:
7c9402f0 d1e8            shr     eax,1
0:000> p
eax=00000038 ebx=7ffdb000 ecx=00000007 edx=00000080 esi=00241f48 edi=00241eb4
eip=7c9402f2 esp=0012fb24 ebp=0012fc94 iopl=0         nv up ei pl nz na po nc
cs=001b  ss=0023  ds=0023  es=0023  fs=003b  gs=0000             efl=00000202
ntdll!RtlDeleteAce+0x8359:
7c9402f2 2401            and     al,1
0:000> p
eax=00000000 ebx=7ffdb000 ecx=00000007 edx=00000080 esi=00241f48 edi=00241eb4
eip=7c9402f4 esp=0012fb24 ebp=0012fc94 iopl=0         nv up ei pl zr na pe nc
cs=001b  ss=0023  ds=0023  es=0023  fs=003b  gs=0000             efl=00000246
ntdll!RtlDeleteAce+0x835b:
7c9402f4 a2c1e1977c      mov     byte ptr [ntdll!NlsMbOemCodePageTag+0x119 (7c97e1c1)],al ds:0023:7c97e1c1=00
0:000> p
eax=00000000 ebx=7ffdb000 ecx=00000007 edx=00000080 esi=00241f48 edi=00241eb4
eip=7c9402f9 esp=0012fb24 ebp=0012fc94 iopl=0         nv up ei pl zr na pe nc
cs=001b  ss=0023  ds=0023  es=0023  fs=003b  gs=0000             efl=00000246
ntdll!RtlDeleteAce+0x8360:
7c9402f9 e906f8fdff      jmp     ntdll!RtlLookupElementGenericTable+0xad (7c91fb04)
0:000> p
eax=00000000 ebx=7ffdb000 ecx=00000007 edx=00000080 esi=00241f48 edi=00241eb4
eip=7c91fb04 esp=0012fb24 ebp=0012fc94 iopl=0         nv up ei pl zr na pe nc
cs=001b  ss=0023  ds=0023  es=0023  fs=003b  gs=0000             efl=00000246
ntdll!RtlLookupElementGenericTable+0xad:
7c91fb04 833d28f3977c01  cmp     dword ptr [ntdll!NlsMbOemCodePageTag+0x1280 (7c97f328)],1 ds:0023:7c97f328=00000002
0:000> p
eax=00000000 ebx=7ffdb000 ecx=00000007 edx=00000080 esi=00241f48 edi=00241eb4
eip=7c91fb0b esp=0012fb24 ebp=0012fc94 iopl=0         nv up ei pl nz na po nc
cs=001b  ss=0023  ds=0023  es=0023  fs=003b  gs=0000             efl=00000202
ntdll!RtlLookupElementGenericTable+0xb4:
7c91fb0b 7606            jbe     ntdll!RtlLookupElementGenericTable+0xbc (7c91fb13) [br=0]
0:000> p
eax=00000000 ebx=7ffdb000 ecx=00000007 edx=00000080 esi=00241f48 edi=00241eb4
eip=7c91fb0d esp=0012fb24 ebp=0012fc94 iopl=0         nv up ei pl nz na po nc
cs=001b  ss=0023  ds=0023  es=0023  fs=003b  gs=0000             efl=00000202
ntdll!RtlLookupElementGenericTable+0xb6:
7c91fb0d 56              push    esi
0:000> p
eax=00000000 ebx=7ffdb000 ecx=00000007 edx=00000080 esi=00241f48 edi=00241eb4
eip=7c91fb0e esp=0012fb20 ebp=0012fc94 iopl=0         nv up ei pl nz na po nc
cs=001b  ss=0023  ds=0023  es=0023  fs=003b  gs=0000             efl=00000202
ntdll!RtlLookupElementGenericTable+0xb7:
7c91fb0e e800710000      call    ntdll!RtlPushFrame+0x23 (7c926c13)
0:000> p
eax=00000000 ebx=7ffdb000 ecx=00000040 edx=000512a0 esi=00241f48 edi=00241eb4
eip=7c91fb13 esp=0012fb24 ebp=0012fc94 iopl=0         nv up ei pl zr na pe nc
cs=001b  ss=0023  ds=0023  es=0023  fs=003b  gs=0000             efl=00000246
ntdll!RtlLookupElementGenericTable+0xbc:
7c91fb13 83659400        and     dword ptr [ebp-6Ch],0 ss:0023:0012fc28=00000000
0:000> t
eax=00000000 ebx=7ffdb000 ecx=00000040 edx=000512a0 esi=00241f48 edi=00241eb4
eip=7c91fb17 esp=0012fb24 ebp=0012fc94 iopl=0         nv up ei pl zr na pe nc
cs=001b  ss=0023  ds=0023  es=0023  fs=003b  gs=0000             efl=00000246
ntdll!RtlLookupElementGenericTable+0xc0:
7c91fb17 803dd502fe7f01  cmp     byte ptr [SharedUserData+0x2d5 (7ffe02d5)],1 ds:0023:7ffe02d5=02
0:000> g
ModLoad: 76390000 763ad000   C:\WINDOWS\system32\IMM32.DLL
Breakpoint 0 hit
eax=0012ff5c ebx=7ffdb000 ecx=003a5f98 edx=0012ff5c esi=00000000 edi=0137f6ee
eip=0041c4d0 esp=0012fddc ebp=0012ff78 iopl=0         nv up ei pl nz na pe nc
cs=001b  ss=0023  ds=0023  es=0023  fs=003b  gs=0000             efl=00000206
regenv!main+0x100:
0041c4d0 c645a700        mov     byte ptr [ebp-59h],0       ss:0023:0012ff1f=00
